2022-07-07 18:05:26 - info [app.js]: Initializing...
2022-07-07 18:05:26 - info [app.js]: Loading commands...
2022-07-07 18:05:26 - info [app.js]: 
.-------------------------------------------------------.
|                       Commands                        |
|-------------------------------------------------------|
|     File      |       Aliases        | Type  | Status |
|---------------|----------------------|-------|--------|
| avatar.js     | profilepic, pic, ava | info  | pass   |
| help.js       | commands, h          | info  | pass   |
| ping.js       |                      | info  | pass   |
| prefix.js     | pre                  | info  | pass   |
| servericon.js | icon, i              | info  | pass   |
| stats.js      | statistics, metrics  | info  | pass   |
| uptime.js     | up                   | info  | pass   |
| servers.js    | servs                | owner | pass   |
'-------------------------------------------------------'
2022-07-07 18:05:26 - info [app.js]: Loading slash commands...
2022-07-07 18:05:26 - info [app.js]: 
.-------------------.
|   SlashCommands   |
|-------------------|
| File |    Type    |
|------|------------|
| ping | Chat Input |
'-------------------'
2022-07-07 18:05:26 - info [app.js]: 6 event(s) found...
2022-07-07 18:05:26 - info [app.js]: Loading event: debug
2022-07-07 18:05:26 - info [app.js]: Loading event: error
2022-07-07 18:05:26 - info [app.js]: Loading event: interactionCreate
2022-07-07 18:05:26 - info [app.js]: Loading event: messageCreate
2022-07-07 18:05:26 - info [app.js]: Loading event: ready
2022-07-07 18:05:26 - info [app.js]: Loading event: warn
2022-07-07 18:05:27 - info [app.js]: BOT is now online
2022-07-07 18:05:27 - info [app.js]: Testing Bot is running on 1 server(s)
